<?xml version="1.0" encoding="UTF-8"?>
<!-- Generated by org.testng.reporters.JUnitReportReporter -->
<testsuite hostname="Meena-Laptop" failures="0" tests="1" name="com.automation.tests.OpportunityTests" time="10.086" errors="0" timestamp="2024-10-25T19:35:13 CDT" skipped="0">
  <testcase classname="com.automation.tests.OpportunityTests" name="TC15_VerifyOpportunitiesDropDown" time="10.086"/>
  <system-out/>
</testsuite> <!-- com.automation.tests.OpportunityTests -->
