<?xml version="1.0" encoding="UTF-8"?>
<!-- Generated by org.testng.reporters.JUnitReportReporter -->
<testsuite hostname="Meena-Laptop" failures="0" tests="2" name="com.automation.tests.UserMenuOptionsTests" time="16.133" errors="0" timestamp="2024-10-25T19:35:13 CDT" skipped="0">
  <testcase classname="com.automation.tests.UserMenuOptionsTests" name="TC5_UserMenuDropDown" time="9.259"/>
  <system-out/>
  <testcase classname="com.automation.tests.UserMenuOptionsTests" name="TC9_LogoutSalesForce" time="6.874"/>
  <system-out/>
</testsuite> <!-- com.automation.tests.UserMenuOptionsTests -->
