<?xml version="1.0" encoding="UTF-8"?>
<!-- Generated by org.testng.reporters.JUnitReportReporter -->
<testsuite hostname="Meena-Laptop" failures="0" tests="5" name="com.automation.tests.LoginTests" time="31.058" errors="0" timestamp="2024-10-25T19:35:13 CDT" skipped="0">
  <testcase classname="com.automation.tests.LoginTests" name="TC4B_ValidateLoginErrorMsg" time="4.408"/>
  <system-out/>
  <testcase classname="com.automation.tests.LoginTests" name="TC4A_ForgotPassword" time="3.793"/>
  <system-out/>
  <testcase classname="com.automation.tests.LoginTests" name="TC2SalesforceLoginValid" time="7.593"/>
  <system-out/>
  <testcase classname="com.automation.tests.LoginTests" name="TC1SalesforceLogin_BlankPwd" time="3.817"/>
  <system-out/>
  <testcase classname="com.automation.tests.LoginTests" name="TC3ValidateRememberMe" time="11.447"/>
  <system-out/>
</testsuite> <!-- com.automation.tests.LoginTests -->
