<?xml version="1.0" encoding="UTF-8"?>
<!-- Generated by org.testng.reporters.JUnitReportReporter -->
<testsuite hostname="Meena-Laptop" failures="0" tests="3" name="example.LogTests" time="0.028" errors="0" timestamp="2024-10-16T09:07:37 CDT" skipped="0">
  <testcase classname="example.LogTests" name="test1" time="0.025"/>
  <system-out/>
  <testcase classname="example.LogTests" name="test3" time="0.001"/>
  <system-out/>
  <testcase classname="example.LogTests" name="test2" time="0.002"/>
  <system-out/>
</testsuite> <!-- example.LogTests -->
